<?xml version="1.0" encoding="UTF-8"?>
<!-- Generated by org.testng.reporters.JUnitReportReporter -->
<testsuite hostname="INCBEL46215049" failures="0" tests="2" name="CucumberOptions.TestNgRunner" time="32.511" errors="0" timestamp="2025-07-07T21:49:31 IST" skipped="0">
  <testcase classname="CucumberOptions.TestNgRunner" name="runScenario" time="17.552"/>
  <testcase classname="CucumberOptions.TestNgRunner" name="runScenario" time="14.959"/>
</testsuite> <!-- CucumberOptions.TestNgRunner -->
